<html>
<head>
<title>TestNG:  Test</title>
<link href="../testng.css" rel="stylesheet" type="text/css" />
<link href="../my-testng.css" rel="stylesheet" type="text/css" />

<style type="text/css">
.log { display: none;} 
.stack-trace { display: none;} 
</style>
<script type="text/javascript">
<!--
function flip(e) {
  current = e.style.display;
  if (current == 'block') {
    e.style.display = 'none';
    return 0;
  }
  else {
    e.style.display = 'block';
    return 1;
  }
}

function toggleBox(szDivId, elem, msg1, msg2)
{
  var res = -1;  if (document.getElementById) {
    res = flip(document.getElementById(szDivId));
  }
  else if (document.all) {
    // this is the way old msie versions work
    res = flip(document.all[szDivId]);
  }
  if(elem) {
    if(res == 0) elem.innerHTML = msg1; else elem.innerHTML = msg2;
  }

}

function toggleAllBoxes() {
  if (document.getElementsByTagName) {
    d = document.getElementsByTagName('div');
    for (i = 0; i < d.length; i++) {
      if (d[i].className == 'log') {
        flip(d[i]);
      }
    }
  }
}

// -->
</script>

</head>
<body>
<h2 align='center'>Test</h2><table border='1' align="center">
<tr>
<td>Tests passed/Failed/Skipped:</td><td>12/4/0</td>
</tr><tr>
<td>Started on:</td><td>Sat Jun 15 12:13:51 IDT 2024</td>
</tr>
<tr><td>Total time:</td><td>234 seconds (234851 ms)</td>
</tr><tr>
<td>Included groups:</td><td></td>
</tr><tr>
<td>Excluded groups:</td><td></td>
</tr>
</table><p/>
<small><i>(Hover the method name to see the test class name)</i></small><p/>
<table width='100%' border='1' class='invocation-failed'>
<tr><td colspan='4' align='center'><b>FAILED TESTS</b></td></tr>
<tr><td><b>Test method</b></td>
<td><b>Attribute(s)</b></td>
<td width="30%"><b>Exception</b></td>
<td width="10%"><b>Time (seconds)</b></td>
<td><b>Instance</b></td>
</tr>
<tr>
<td title='hw1tests.test4.tc05_Explorethedealfromlist()'><b>tc05_Explorethedealfromlist</b><br>Test class: hw1tests.test4<br>Test method: Cheacke the deal's price</td>
<td><div><pre>java.lang.NumberFormatException: For input string: &quot;&quot;
	at java.base/java.lang.NumberFormatException.forInputString(NumberFormatException.java:67)
	at java.base/java.lang.Integer.parseInt(Integer.java:678)
	at java.base/java.lang.Integer.parseInt(Integer.java:786)
	at hw1pages.Deals.finddetails(Deals.java:287)
	at hw1tests.test4.tc05_Explorethedealfromlist(test4.java:123)
	at java.base/java.util.ArrayList.forEach(ArrayList.java:1511)
... Removed 27 stack frames</pre></div><a href='#' onClick='toggleBox("stack-trace1982703147", this, "Click to show all stack frames", "Click to hide stack frames")'>Click to show all stack frames</a>
<div class='stack-trace' id='stack-trace1982703147'><pre>java.lang.NumberFormatException: For input string: &quot;&quot;
	at java.base/java.lang.NumberFormatException.forInputString(NumberFormatException.java:67)
	at java.base/java.lang.Integer.parseInt(Integer.java:678)
	at java.base/java.lang.Integer.parseInt(Integer.java:786)
	at hw1pages.Deals.finddetails(Deals.java:287)
	at hw1tests.test4.tc05_Explorethedealfromlist(test4.java:123)
	at java.base/jdk.internal.reflect.NativeMethodAccessorImpl.invoke0(Native Method)
	at java.base/jdk.internal.reflect.NativeMethodAccessorImpl.invoke(NativeMethodAccessorImpl.java:77)
	at java.base/jdk.internal.reflect.DelegatingMethodAccessorImpl.invoke(DelegatingMethodAccessorImpl.java:43)
	at java.base/java.lang.reflect.Method.invoke(Method.java:568)
	at org.testng.internal.invokers.MethodInvocationHelper.invokeMethod(MethodInvocationHelper.java:139)
	at org.testng.internal.invokers.TestInvoker.invokeMethod(TestInvoker.java:664)
	at org.testng.internal.invokers.TestInvoker.invokeTestMethod(TestInvoker.java:227)
	at org.testng.internal.invokers.MethodRunner.runInSequence(MethodRunner.java:50)
	at org.testng.internal.invokers.TestInvoker$MethodInvocationAgent.invoke(TestInvoker.java:957)
	at org.testng.internal.invokers.TestInvoker.invokeTestMethods(TestInvoker.java:200)
	at org.testng.internal.invokers.TestMethodWorker.invokeTestMethods(TestMethodWorker.java:148)
	at org.testng.internal.invokers.TestMethodWorker.run(TestMethodWorker.java:128)
	at java.base/java.util.ArrayList.forEach(ArrayList.java:1511)
	at org.testng.TestRunner.privateRun(TestRunner.java:848)
	at org.testng.TestRunner.run(TestRunner.java:621)
	at org.testng.SuiteRunner.runTest(SuiteRunner.java:443)
	at org.testng.SuiteRunner.runSequentially(SuiteRunner.java:437)
	at org.testng.SuiteRunner.privateRun(SuiteRunner.java:397)
	at org.testng.SuiteRunner.run(SuiteRunner.java:336)
	at org.testng.SuiteRunnerWorker.runSuite(SuiteRunnerWorker.java:52)
	at org.testng.SuiteRunnerWorker.run(SuiteRunnerWorker.java:95)
	at org.testng.TestNG.runSuitesSequentially(TestNG.java:1280)
	at org.testng.TestNG.runSuitesLocally(TestNG.java:1200)
	at org.testng.TestNG.runSuites(TestNG.java:1114)
	at org.testng.TestNG.run(TestNG.java:1082)
	at org.testng.remote.AbstractRemoteTestNG.run(AbstractRemoteTestNG.java:115)
	at org.testng.remote.RemoteTestNG.initAndRun(RemoteTestNG.java:251)
	at org.testng.remote.RemoteTestNG.main(RemoteTestNG.java:77)
</pre></div></td>
<td>0</td>
<td>hw1tests.test4@7ea08277</td></tr>
<tr>
<td title='hw1tests.test4.tc03_Exploreplacedealsdates()'><b>tc03_Exploreplacedealsdates</b><br>Test class: hw1tests.test4<br>Test method: Explore cheap travel deals- place return/One-way</td>
<td><div><pre>org.openqa.selenium.ElementClickInterceptedException: element click intercepted: Element &lt;div data-test=&quot;SearchFormFilters-button-mode&quot; class=&quot;space-x-xs rtl:space-x-reverse h-form-box-small text-small bg-button-secondary-background hover:bg-button-secondary-background-hover active:bg-button-secondary-background-active disabled:bg-button-secondary-background focus:bg-button-secondary-background-focus text-button-secondary-foreground focus:text-button-secondary-foreground-focus active:text-button-secondary-foreground-active hover:text-button-secondary-foreground-hover disabled:text-button-secondary-foreground active:shadow-button-active-pale ps-button-padding-sm pe-button-padding-xs orbit-button-primitive font-base duration-fast group relative max-w-full items-center justify-center border-none text-center leading-none transition-all [&amp;amp;&gt;*]:align-middle [&amp;amp;_.orbit-loading-spinner]:stroke-[currentColor] flex-none rounded-large tb:rounded-normal cursor-pointer hover:no-underline focus:no-underline active:no-underline flex font-medium&quot; style=&quot;--button-content-align:center&quot;&gt;...&lt;/div&gt; is not clickable at point (1119, 358). Other element would receive the click: &lt;p class=&quot;orbit-text font-base text-large leading-large font-normal text-primary-foreground [&amp;amp;_a:not(.orbit-text-link)]:text-link-primary-foreground hover:[&amp;amp;_a:not(.orbit-text-link)]:text-link-primary-foreground-hover active:[&amp;amp;_a:not(.orbit-text-link)]:text-link-primary-foreground-active text-start m-0 [&amp;amp;_a:not(.orbit-text-link)]:font-medium [&amp;amp;_a:not(.orbit-text-link)]:underline hover:[&amp;amp;_a:not(.orbit-text-link)]:no-underline active:[&amp;amp;_a:not(.orbit-text-link)]:no-underline hover:[&amp;amp;_a:not(.orbit-text-link)]:outline-none active:[&amp;amp;_a:not(.orbit-text-link)]:outline-none&quot;&gt;...&lt;/p&gt;
  (Session info: chrome=126.0.6478.61)
Build info: version: &apos;4.21.0&apos;, revision: &apos;79ed462ef4&apos;
System info: os.name: &apos;Windows 11&apos;, os.arch: &apos;amd64&apos;, os.version: &apos;10.0&apos;, java.version: &apos;17.0.7&apos;
Driver info: org.openqa.selenium.chrome.ChromeDriver
Command: [b7c2ad397df05a41bce145cd94478498, clickElement {id=f.7D02AC6336E6E5CA20E1A0B919EB5C47.d.2818405B42567BBA21DAEB96C5634099.e.119}]
Capabilities {acceptInsecureCerts: false, browserName: chrome, browserVersion: 126.0.6478.61, chrome: {chromedriverVersion: 126.0.6478.61 (8dc092df54ce..., userDataDir: C:\Users\linoy\AppData\Loca...}, fedcm:accounts: true, goog:chromeOptions: {debuggerAddress: localhost:52902}, networkConnectionEnabled: false, pageLoadStrategy: normal, platformName: windows, proxy: Proxy(), se:cdp: ws://localhost:52902/devtoo..., se:cdpVersion: 126.0.6478.61, setWindowRect: true, strictFileInteractability: false, timeouts: {implicit: 0, pageLoad: 300000, script: 30000}, unhandledPromptBehavior: dismiss and notify, webauthn:extension:credBlob: true, webauthn:extension:largeBlob: true, webauthn:extension:minPinLength: true, webauthn:extension:prf: true, webauthn:virtualAuthenticators: true}
Element: [[ChromeDriver: chrome on windows (b7c2ad397df05a41bce145cd94478498)] -&gt; css selector: [data-test=&quot;SearchFormFilters-button-mode&quot;]]
Session ID: b7c2ad397df05a41bce145cd94478498
	at org.openqa.selenium.remote.ErrorCodec.decode(ErrorCodec.java:167)
	at org.openqa.selenium.remote.codec.w3c.W3CHttpResponseCodec.decode(W3CHttpResponseCodec.java:138)
	at org.openqa.selenium.remote.codec.w3c.W3CHttpResponseCodec.decode(W3CHttpResponseCodec.java:50)
	at org.openqa.selenium.remote.HttpCommandExecutor.execute(HttpCommandExecutor.java:190)
	at org.openqa.selenium.remote.service.DriverCommandExecutor.invokeExecute(DriverCommandExecutor.java:216)
	at org.openqa.selenium.remote.service.DriverCommandExecutor.execute(DriverCommandExecutor.java:174)
	at org.openqa.selenium.remote.RemoteWebDriver.execute(RemoteWebDriver.java:518)
	at org.openqa.selenium.remote.RemoteWebElement.execute(RemoteWebElement.java:223)
	at org.openqa.selenium.remote.RemoteWebElement.click(RemoteWebElement.java:76)
	at org.openqa.selenium.support.pagefactory.internal.LocatingElementHandler.invoke(LocatingElementHandler.java:51)
	at jdk.proxy2/jdk.proxy2.$Proxy14.click(Unknown Source)
	at hw1pages.BasePage.click(BasePage.java:18)
	at hw1pages.Deals.Exploredealsreturnoneway(Deals.java:237)
	at hw1tests.test4.tc03_Exploreplacedealsdates(test4.java:60)
	at java.base/java.util.ArrayList.forEach(ArrayList.java:1511)
... Removed 35 stack frames</pre></div><a href='#' onClick='toggleBox("stack-trace1910085426", this, "Click to show all stack frames", "Click to hide stack frames")'>Click to show all stack frames</a>
<div class='stack-trace' id='stack-trace1910085426'><pre>org.openqa.selenium.ElementClickInterceptedException: element click intercepted: Element &lt;div data-test=&quot;SearchFormFilters-button-mode&quot; class=&quot;space-x-xs rtl:space-x-reverse h-form-box-small text-small bg-button-secondary-background hover:bg-button-secondary-background-hover active:bg-button-secondary-background-active disabled:bg-button-secondary-background focus:bg-button-secondary-background-focus text-button-secondary-foreground focus:text-button-secondary-foreground-focus active:text-button-secondary-foreground-active hover:text-button-secondary-foreground-hover disabled:text-button-secondary-foreground active:shadow-button-active-pale ps-button-padding-sm pe-button-padding-xs orbit-button-primitive font-base duration-fast group relative max-w-full items-center justify-center border-none text-center leading-none transition-all [&amp;amp;&gt;*]:align-middle [&amp;amp;_.orbit-loading-spinner]:stroke-[currentColor] flex-none rounded-large tb:rounded-normal cursor-pointer hover:no-underline focus:no-underline active:no-underline flex font-medium&quot; style=&quot;--button-content-align:center&quot;&gt;...&lt;/div&gt; is not clickable at point (1119, 358). Other element would receive the click: &lt;p class=&quot;orbit-text font-base text-large leading-large font-normal text-primary-foreground [&amp;amp;_a:not(.orbit-text-link)]:text-link-primary-foreground hover:[&amp;amp;_a:not(.orbit-text-link)]:text-link-primary-foreground-hover active:[&amp;amp;_a:not(.orbit-text-link)]:text-link-primary-foreground-active text-start m-0 [&amp;amp;_a:not(.orbit-text-link)]:font-medium [&amp;amp;_a:not(.orbit-text-link)]:underline hover:[&amp;amp;_a:not(.orbit-text-link)]:no-underline active:[&amp;amp;_a:not(.orbit-text-link)]:no-underline hover:[&amp;amp;_a:not(.orbit-text-link)]:outline-none active:[&amp;amp;_a:not(.orbit-text-link)]:outline-none&quot;&gt;...&lt;/p&gt;
  (Session info: chrome=126.0.6478.61)
Build info: version: &apos;4.21.0&apos;, revision: &apos;79ed462ef4&apos;
System info: os.name: &apos;Windows 11&apos;, os.arch: &apos;amd64&apos;, os.version: &apos;10.0&apos;, java.version: &apos;17.0.7&apos;
Driver info: org.openqa.selenium.chrome.ChromeDriver
Command: [b7c2ad397df05a41bce145cd94478498, clickElement {id=f.7D02AC6336E6E5CA20E1A0B919EB5C47.d.2818405B42567BBA21DAEB96C5634099.e.119}]
Capabilities {acceptInsecureCerts: false, browserName: chrome, browserVersion: 126.0.6478.61, chrome: {chromedriverVersion: 126.0.6478.61 (8dc092df54ce..., userDataDir: C:\Users\linoy\AppData\Loca...}, fedcm:accounts: true, goog:chromeOptions: {debuggerAddress: localhost:52902}, networkConnectionEnabled: false, pageLoadStrategy: normal, platformName: windows, proxy: Proxy(), se:cdp: ws://localhost:52902/devtoo..., se:cdpVersion: 126.0.6478.61, setWindowRect: true, strictFileInteractability: false, timeouts: {implicit: 0, pageLoad: 300000, script: 30000}, unhandledPromptBehavior: dismiss and notify, webauthn:extension:credBlob: true, webauthn:extension:largeBlob: true, webauthn:extension:minPinLength: true, webauthn:extension:prf: true, webauthn:virtualAuthenticators: true}
Element: [[ChromeDriver: chrome on windows (b7c2ad397df05a41bce145cd94478498)] -&gt; css selector: [data-test=&quot;SearchFormFilters-button-mode&quot;]]
Session ID: b7c2ad397df05a41bce145cd94478498
	at java.base/jdk.internal.reflect.NativeConstructorAccessorImpl.newInstance0(Native Method)
	at java.base/jdk.internal.reflect.NativeConstructorAccessorImpl.newInstance(NativeConstructorAccessorImpl.java:77)
	at java.base/jdk.internal.reflect.DelegatingConstructorAccessorImpl.newInstance(DelegatingConstructorAccessorImpl.java:45)
	at java.base/java.lang.reflect.Constructor.newInstanceWithCaller(Constructor.java:499)
	at java.base/java.lang.reflect.Constructor.newInstance(Constructor.java:480)
	at org.openqa.selenium.remote.ErrorCodec.decode(ErrorCodec.java:167)
	at org.openqa.selenium.remote.codec.w3c.W3CHttpResponseCodec.decode(W3CHttpResponseCodec.java:138)
	at org.openqa.selenium.remote.codec.w3c.W3CHttpResponseCodec.decode(W3CHttpResponseCodec.java:50)
	at org.openqa.selenium.remote.HttpCommandExecutor.execute(HttpCommandExecutor.java:190)
	at org.openqa.selenium.remote.service.DriverCommandExecutor.invokeExecute(DriverCommandExecutor.java:216)
	at org.openqa.selenium.remote.service.DriverCommandExecutor.execute(DriverCommandExecutor.java:174)
	at org.openqa.selenium.remote.RemoteWebDriver.execute(RemoteWebDriver.java:518)
	at org.openqa.selenium.remote.RemoteWebElement.execute(RemoteWebElement.java:223)
	at org.openqa.selenium.remote.RemoteWebElement.click(RemoteWebElement.java:76)
	at jdk.internal.reflect.GeneratedMethodAccessor3.invoke(Unknown Source)
	at java.base/jdk.internal.reflect.DelegatingMethodAccessorImpl.invoke(DelegatingMethodAccessorImpl.java:43)
	at java.base/java.lang.reflect.Method.invoke(Method.java:568)
	at org.openqa.selenium.support.pagefactory.internal.LocatingElementHandler.invoke(LocatingElementHandler.java:51)
	at jdk.proxy2/jdk.proxy2.$Proxy14.click(Unknown Source)
	at hw1pages.BasePage.click(BasePage.java:18)
	at hw1pages.Deals.Exploredealsreturnoneway(Deals.java:237)
	at hw1tests.test4.tc03_Exploreplacedealsdates(test4.java:60)
	at java.base/jdk.internal.reflect.NativeMethodAccessorImpl.invoke0(Native Method)
	at java.base/jdk.internal.reflect.NativeMethodAccessorImpl.invoke(NativeMethodAccessorImpl.java:77)
	at java.base/jdk.internal.reflect.DelegatingMethodAccessorImpl.invoke(DelegatingMethodAccessorImpl.java:43)
	at java.base/java.lang.reflect.Method.invoke(Method.java:568)
	at org.testng.internal.invokers.MethodInvocationHelper.invokeMethod(MethodInvocationHelper.java:139)
	at org.testng.internal.invokers.TestInvoker.invokeMethod(TestInvoker.java:664)
	at org.testng.internal.invokers.TestInvoker.invokeTestMethod(TestInvoker.java:227)
	at org.testng.internal.invokers.MethodRunner.runInSequence(MethodRunner.java:50)
	at org.testng.internal.invokers.TestInvoker$MethodInvocationAgent.invoke(TestInvoker.java:957)
	at org.testng.internal.invokers.TestInvoker.invokeTestMethods(TestInvoker.java:200)
	at org.testng.internal.invokers.TestMethodWorker.invokeTestMethods(TestMethodWorker.java:148)
	at org.testng.internal.invokers.TestMethodWorker.run(TestMethodWorker.java:128)
	at java.base/java.util.ArrayList.forEach(ArrayList.java:1511)
	at org.testng.TestRunner.privateRun(TestRunner.java:848)
	at org.testng.TestRunner.run(TestRunner.java:621)
	at org.testng.SuiteRunner.runTest(SuiteRunner.java:443)
	at org.testng.SuiteRunner.runSequentially(SuiteRunner.java:437)
	at org.testng.SuiteRunner.privateRun(SuiteRunner.java:397)
	at org.testng.SuiteRunner.run(SuiteRunner.java:336)
	at org.testng.SuiteRunnerWorker.runSuite(SuiteRunnerWorker.java:52)
	at org.testng.SuiteRunnerWorker.run(SuiteRunnerWorker.java:95)
	at org.testng.TestNG.runSuitesSequentially(TestNG.java:1280)
	at org.testng.TestNG.runSuitesLocally(TestNG.java:1200)
	at org.testng.TestNG.runSuites(TestNG.java:1114)
	at org.testng.TestNG.run(TestNG.java:1082)
	at org.testng.remote.AbstractRemoteTestNG.run(AbstractRemoteTestNG.java:115)
	at org.testng.remote.RemoteTestNG.initAndRun(RemoteTestNG.java:251)
	at org.testng.remote.RemoteTestNG.main(RemoteTestNG.java:77)
</pre></div></td>
<td>3</td>
<td>hw1tests.test4@7ea08277</td></tr>
<tr>
<td title='hw1tests.test4.tc02_Exploreplacedealsfrom()'><b>tc02_Exploreplacedealsfrom</b><br>Test class: hw1tests.test4<br>Test method: Explore cheap travel deals- place from</td>
<td><div><pre>org.openqa.selenium.NoSuchElementException: no such element: Unable to locate element: {&quot;method&quot;:&quot;css selector&quot;,&quot;selector&quot;:&quot;[data-test=&quot;SearchFieldItem-origin-4&quot;] [data-test=&quot;PlacePickerInputPlace&quot;]&quot;}
  (Session info: chrome=126.0.6478.61)
For documentation on this error, please visit: https://www.selenium.dev/documentation/webdriver/troubleshooting/errors#no-such-element-exception
Build info: version: &apos;4.21.0&apos;, revision: &apos;79ed462ef4&apos;
System info: os.name: &apos;Windows 11&apos;, os.arch: &apos;amd64&apos;, os.version: &apos;10.0&apos;, java.version: &apos;17.0.7&apos;
Driver info: org.openqa.selenium.chrome.ChromeDriver
Command: [b7c2ad397df05a41bce145cd94478498, findElement {value=[data-test=&quot;SearchFieldItem-origin-4&quot;] [data-test=&quot;PlacePickerInputPlace&quot;], using=css selector}]
Capabilities {acceptInsecureCerts: false, browserName: chrome, browserVersion: 126.0.6478.61, chrome: {chromedriverVersion: 126.0.6478.61 (8dc092df54ce..., userDataDir: C:\Users\linoy\AppData\Loca...}, fedcm:accounts: true, goog:chromeOptions: {debuggerAddress: localhost:52902}, networkConnectionEnabled: false, pageLoadStrategy: normal, platformName: windows, proxy: Proxy(), se:cdp: ws://localhost:52902/devtoo..., se:cdpVersion: 126.0.6478.61, setWindowRect: true, strictFileInteractability: false, timeouts: {implicit: 0, pageLoad: 300000, script: 30000}, unhandledPromptBehavior: dismiss and notify, webauthn:extension:credBlob: true, webauthn:extension:largeBlob: true, webauthn:extension:minPinLength: true, webauthn:extension:prf: true, webauthn:virtualAuthenticators: true}
Session ID: b7c2ad397df05a41bce145cd94478498
	at org.openqa.selenium.remote.ErrorCodec.decode(ErrorCodec.java:167)
	at org.openqa.selenium.remote.codec.w3c.W3CHttpResponseCodec.decode(W3CHttpResponseCodec.java:138)
	at org.openqa.selenium.remote.codec.w3c.W3CHttpResponseCodec.decode(W3CHttpResponseCodec.java:50)
	at org.openqa.selenium.remote.HttpCommandExecutor.execute(HttpCommandExecutor.java:190)
	at org.openqa.selenium.remote.service.DriverCommandExecutor.invokeExecute(DriverCommandExecutor.java:216)
	at org.openqa.selenium.remote.service.DriverCommandExecutor.execute(DriverCommandExecutor.java:174)
	at org.openqa.selenium.remote.RemoteWebDriver.execute(RemoteWebDriver.java:518)
	at org.openqa.selenium.remote.ElementLocation$ElementFinder$2.findElement(ElementLocation.java:165)
	at org.openqa.selenium.remote.ElementLocation.findElement(ElementLocation.java:59)
	at org.openqa.selenium.remote.RemoteWebDriver.findElement(RemoteWebDriver.java:355)
	at org.openqa.selenium.remote.RemoteWebDriver.findElement(RemoteWebDriver.java:349)
	at org.openqa.selenium.support.pagefactory.DefaultElementLocator.findElement(DefaultElementLocator.java:68)
	at org.openqa.selenium.support.pagefactory.internal.LocatingElementHandler.invoke(LocatingElementHandler.java:38)
	at jdk.proxy2/jdk.proxy2.$Proxy14.getText(Unknown Source)
	at hw1pages.BasePage.getusername(BasePage.java:41)
	at hw1pages.Deals.getname(Deals.java:135)
	at hw1tests.test4.tc02_Exploreplacedealsfrom(test4.java:41)
	at java.base/java.util.ArrayList.forEach(ArrayList.java:1511)
... Removed 32 stack frames</pre></div><a href='#' onClick='toggleBox("stack-trace1894652259", this, "Click to show all stack frames", "Click to hide stack frames")'>Click to show all stack frames</a>
<div class='stack-trace' id='stack-trace1894652259'><pre>org.openqa.selenium.NoSuchElementException: no such element: Unable to locate element: {&quot;method&quot;:&quot;css selector&quot;,&quot;selector&quot;:&quot;[data-test=&quot;SearchFieldItem-origin-4&quot;] [data-test=&quot;PlacePickerInputPlace&quot;]&quot;}
  (Session info: chrome=126.0.6478.61)
For documentation on this error, please visit: https://www.selenium.dev/documentation/webdriver/troubleshooting/errors#no-such-element-exception
Build info: version: &apos;4.21.0&apos;, revision: &apos;79ed462ef4&apos;
System info: os.name: &apos;Windows 11&apos;, os.arch: &apos;amd64&apos;, os.version: &apos;10.0&apos;, java.version: &apos;17.0.7&apos;
Driver info: org.openqa.selenium.chrome.ChromeDriver
Command: [b7c2ad397df05a41bce145cd94478498, findElement {value=[data-test=&quot;SearchFieldItem-origin-4&quot;] [data-test=&quot;PlacePickerInputPlace&quot;], using=css selector}]
Capabilities {acceptInsecureCerts: false, browserName: chrome, browserVersion: 126.0.6478.61, chrome: {chromedriverVersion: 126.0.6478.61 (8dc092df54ce..., userDataDir: C:\Users\linoy\AppData\Loca...}, fedcm:accounts: true, goog:chromeOptions: {debuggerAddress: localhost:52902}, networkConnectionEnabled: false, pageLoadStrategy: normal, platformName: windows, proxy: Proxy(), se:cdp: ws://localhost:52902/devtoo..., se:cdpVersion: 126.0.6478.61, setWindowRect: true, strictFileInteractability: false, timeouts: {implicit: 0, pageLoad: 300000, script: 30000}, unhandledPromptBehavior: dismiss and notify, webauthn:extension:credBlob: true, webauthn:extension:largeBlob: true, webauthn:extension:minPinLength: true, webauthn:extension:prf: true, webauthn:virtualAuthenticators: true}
Session ID: b7c2ad397df05a41bce145cd94478498
	at java.base/jdk.internal.reflect.NativeConstructorAccessorImpl.newInstance0(Native Method)
	at java.base/jdk.internal.reflect.NativeConstructorAccessorImpl.newInstance(NativeConstructorAccessorImpl.java:77)
	at java.base/jdk.internal.reflect.DelegatingConstructorAccessorImpl.newInstance(DelegatingConstructorAccessorImpl.java:45)
	at java.base/java.lang.reflect.Constructor.newInstanceWithCaller(Constructor.java:499)
	at java.base/java.lang.reflect.Constructor.newInstance(Constructor.java:480)
	at org.openqa.selenium.remote.ErrorCodec.decode(ErrorCodec.java:167)
	at org.openqa.selenium.remote.codec.w3c.W3CHttpResponseCodec.decode(W3CHttpResponseCodec.java:138)
	at org.openqa.selenium.remote.codec.w3c.W3CHttpResponseCodec.decode(W3CHttpResponseCodec.java:50)
	at org.openqa.selenium.remote.HttpCommandExecutor.execute(HttpCommandExecutor.java:190)
	at org.openqa.selenium.remote.service.DriverCommandExecutor.invokeExecute(DriverCommandExecutor.java:216)
	at org.openqa.selenium.remote.service.DriverCommandExecutor.execute(DriverCommandExecutor.java:174)
	at org.openqa.selenium.remote.RemoteWebDriver.execute(RemoteWebDriver.java:518)
	at org.openqa.selenium.remote.ElementLocation$ElementFinder$2.findElement(ElementLocation.java:165)
	at org.openqa.selenium.remote.ElementLocation.findElement(ElementLocation.java:59)
	at org.openqa.selenium.remote.RemoteWebDriver.findElement(RemoteWebDriver.java:355)
	at org.openqa.selenium.remote.RemoteWebDriver.findElement(RemoteWebDriver.java:349)
	at org.openqa.selenium.support.pagefactory.DefaultElementLocator.findElement(DefaultElementLocator.java:68)
	at org.openqa.selenium.support.pagefactory.internal.LocatingElementHandler.invoke(LocatingElementHandler.java:38)
	at jdk.proxy2/jdk.proxy2.$Proxy14.getText(Unknown Source)
	at hw1pages.BasePage.getusername(BasePage.java:41)
	at hw1pages.Deals.getname(Deals.java:135)
	at hw1tests.test4.tc02_Exploreplacedealsfrom(test4.java:41)
	at java.base/jdk.internal.reflect.NativeMethodAccessorImpl.invoke0(Native Method)
	at java.base/jdk.internal.reflect.NativeMethodAccessorImpl.invoke(NativeMethodAccessorImpl.java:77)
	at java.base/jdk.internal.reflect.DelegatingMethodAccessorImpl.invoke(DelegatingMethodAccessorImpl.java:43)
	at java.base/java.lang.reflect.Method.invoke(Method.java:568)
	at org.testng.internal.invokers.MethodInvocationHelper.invokeMethod(MethodInvocationHelper.java:139)
	at org.testng.internal.invokers.TestInvoker.invokeMethod(TestInvoker.java:664)
	at org.testng.internal.invokers.TestInvoker.invokeTestMethod(TestInvoker.java:227)
	at org.testng.internal.invokers.MethodRunner.runInSequence(MethodRunner.java:50)
	at org.testng.internal.invokers.TestInvoker$MethodInvocationAgent.invoke(TestInvoker.java:957)
	at org.testng.internal.invokers.TestInvoker.invokeTestMethods(TestInvoker.java:200)
	at org.testng.internal.invokers.TestMethodWorker.invokeTestMethods(TestMethodWorker.java:148)
	at org.testng.internal.invokers.TestMethodWorker.run(TestMethodWorker.java:128)
	at java.base/java.util.ArrayList.forEach(ArrayList.java:1511)
	at org.testng.TestRunner.privateRun(TestRunner.java:848)
	at org.testng.TestRunner.run(TestRunner.java:621)
	at org.testng.SuiteRunner.runTest(SuiteRunner.java:443)
	at org.testng.SuiteRunner.runSequentially(SuiteRunner.java:437)
	at org.testng.SuiteRunner.privateRun(SuiteRunner.java:397)
	at org.testng.SuiteRunner.run(SuiteRunner.java:336)
	at org.testng.SuiteRunnerWorker.runSuite(SuiteRunnerWorker.java:52)
	at org.testng.SuiteRunnerWorker.run(SuiteRunnerWorker.java:95)
	at org.testng.TestNG.runSuitesSequentially(TestNG.java:1280)
	at org.testng.TestNG.runSuitesLocally(TestNG.java:1200)
	at org.testng.TestNG.runSuites(TestNG.java:1114)
	at org.testng.TestNG.run(TestNG.java:1082)
	at org.testng.remote.AbstractRemoteTestNG.run(AbstractRemoteTestNG.java:115)
	at org.testng.remote.RemoteTestNG.initAndRun(RemoteTestNG.java:251)
	at org.testng.remote.RemoteTestNG.main(RemoteTestNG.java:77)
</pre></div></td>
<td>5</td>
<td>hw1tests.test4@7ea08277</td></tr>
<tr>
<td title='hw1tests.test4.tc04_Exploreplacedealsdirection()'><b>tc04_Exploreplacedealsdirection</b><br>Test class: hw1tests.test4<br>Test method: Explore cheap travel deals- dates and price </td>
<td><div><pre>org.openqa.selenium.ElementClickInterceptedException: element click intercepted: Element &lt;div data-test=&quot;SearchFormFilters-button-date&quot; class=&quot;space-x-xs rtl:space-x-reverse h-form-box-small text-small bg-button-secondary-background hover:bg-button-secondary-background-hover active:bg-button-secondary-background-active disabled:bg-button-secondary-background focus:bg-button-secondary-background-focus text-button-secondary-foreground focus:text-button-secondary-foreground-focus active:text-button-secondary-foreground-active hover:text-button-secondary-foreground-hover disabled:text-button-secondary-foreground active:shadow-button-active-pale ps-button-padding-sm pe-button-padding-xs orbit-button-primitive font-base duration-fast group relative max-w-full items-center justify-center border-none text-center leading-none transition-all [&amp;amp;&gt;*]:align-middle [&amp;amp;_.orbit-loading-spinner]:stroke-[currentColor] flex-none rounded-large tb:rounded-normal cursor-pointer hover:no-underline focus:no-underline active:no-underline flex font-medium&quot; style=&quot;--button-content-align:center&quot;&gt;...&lt;/div&gt; is not clickable at point (944, 358). Other element would receive the click: &lt;p class=&quot;orbit-text font-base text-large leading-large font-normal text-primary-foreground [&amp;amp;_a:not(.orbit-text-link)]:text-link-primary-foreground hover:[&amp;amp;_a:not(.orbit-text-link)]:text-link-primary-foreground-hover active:[&amp;amp;_a:not(.orbit-text-link)]:text-link-primary-foreground-active text-start m-0 [&amp;amp;_a:not(.orbit-text-link)]:font-medium [&amp;amp;_a:not(.orbit-text-link)]:underline hover:[&amp;amp;_a:not(.orbit-text-link)]:no-underline active:[&amp;amp;_a:not(.orbit-text-link)]:no-underline hover:[&amp;amp;_a:not(.orbit-text-link)]:outline-none active:[&amp;amp;_a:not(.orbit-text-link)]:outline-none&quot;&gt;...&lt;/p&gt;
  (Session info: chrome=126.0.6478.61)
Build info: version: &apos;4.21.0&apos;, revision: &apos;79ed462ef4&apos;
System info: os.name: &apos;Windows 11&apos;, os.arch: &apos;amd64&apos;, os.version: &apos;10.0&apos;, java.version: &apos;17.0.7&apos;
Driver info: org.openqa.selenium.chrome.ChromeDriver
Command: [b7c2ad397df05a41bce145cd94478498, clickElement {id=f.7D02AC6336E6E5CA20E1A0B919EB5C47.d.2818405B42567BBA21DAEB96C5634099.e.120}]
Capabilities {acceptInsecureCerts: false, browserName: chrome, browserVersion: 126.0.6478.61, chrome: {chromedriverVersion: 126.0.6478.61 (8dc092df54ce..., userDataDir: C:\Users\linoy\AppData\Loca...}, fedcm:accounts: true, goog:chromeOptions: {debuggerAddress: localhost:52902}, networkConnectionEnabled: false, pageLoadStrategy: normal, platformName: windows, proxy: Proxy(), se:cdp: ws://localhost:52902/devtoo..., se:cdpVersion: 126.0.6478.61, setWindowRect: true, strictFileInteractability: false, timeouts: {implicit: 0, pageLoad: 300000, script: 30000}, unhandledPromptBehavior: dismiss and notify, webauthn:extension:credBlob: true, webauthn:extension:largeBlob: true, webauthn:extension:minPinLength: true, webauthn:extension:prf: true, webauthn:virtualAuthenticators: true}
Element: [[ChromeDriver: chrome on windows (b7c2ad397df05a41bce145cd94478498)] -&gt; css selector: [data-test=&quot;SearchFormFilters-button-date&quot;]]
Session ID: b7c2ad397df05a41bce145cd94478498
	at org.openqa.selenium.remote.ErrorCodec.decode(ErrorCodec.java:167)
	at org.openqa.selenium.remote.codec.w3c.W3CHttpResponseCodec.decode(W3CHttpResponseCodec.java:138)
	at org.openqa.selenium.remote.codec.w3c.W3CHttpResponseCodec.decode(W3CHttpResponseCodec.java:50)
	at org.openqa.selenium.remote.HttpCommandExecutor.execute(HttpCommandExecutor.java:190)
	at org.openqa.selenium.remote.service.DriverCommandExecutor.invokeExecute(DriverCommandExecutor.java:216)
	at org.openqa.selenium.remote.service.DriverCommandExecutor.execute(DriverCommandExecutor.java:174)
	at org.openqa.selenium.remote.RemoteWebDriver.execute(RemoteWebDriver.java:518)
	at org.openqa.selenium.remote.RemoteWebElement.execute(RemoteWebElement.java:223)
	at org.openqa.selenium.remote.RemoteWebElement.click(RemoteWebElement.java:76)
	at org.openqa.selenium.support.pagefactory.internal.LocatingElementHandler.invoke(LocatingElementHandler.java:51)
	at jdk.proxy2/jdk.proxy2.$Proxy14.click(Unknown Source)
	at hw1pages.BasePage.click(BasePage.java:18)
	at hw1pages.Deals.Exploredealsdate(Deals.java:168)
	at hw1tests.test4.tc04_Exploreplacedealsdirection(test4.java:76)
	at java.base/java.util.ArrayList.forEach(ArrayList.java:1511)
... Removed 35 stack frames</pre></div><a href='#' onClick='toggleBox("stack-trace891215395", this, "Click to show all stack frames", "Click to hide stack frames")'>Click to show all stack frames</a>
<div class='stack-trace' id='stack-trace891215395'><pre>org.openqa.selenium.ElementClickInterceptedException: element click intercepted: Element &lt;div data-test=&quot;SearchFormFilters-button-date&quot; class=&quot;space-x-xs rtl:space-x-reverse h-form-box-small text-small bg-button-secondary-background hover:bg-button-secondary-background-hover active:bg-button-secondary-background-active disabled:bg-button-secondary-background focus:bg-button-secondary-background-focus text-button-secondary-foreground focus:text-button-secondary-foreground-focus active:text-button-secondary-foreground-active hover:text-button-secondary-foreground-hover disabled:text-button-secondary-foreground active:shadow-button-active-pale ps-button-padding-sm pe-button-padding-xs orbit-button-primitive font-base duration-fast group relative max-w-full items-center justify-center border-none text-center leading-none transition-all [&amp;amp;&gt;*]:align-middle [&amp;amp;_.orbit-loading-spinner]:stroke-[currentColor] flex-none rounded-large tb:rounded-normal cursor-pointer hover:no-underline focus:no-underline active:no-underline flex font-medium&quot; style=&quot;--button-content-align:center&quot;&gt;...&lt;/div&gt; is not clickable at point (944, 358). Other element would receive the click: &lt;p class=&quot;orbit-text font-base text-large leading-large font-normal text-primary-foreground [&amp;amp;_a:not(.orbit-text-link)]:text-link-primary-foreground hover:[&amp;amp;_a:not(.orbit-text-link)]:text-link-primary-foreground-hover active:[&amp;amp;_a:not(.orbit-text-link)]:text-link-primary-foreground-active text-start m-0 [&amp;amp;_a:not(.orbit-text-link)]:font-medium [&amp;amp;_a:not(.orbit-text-link)]:underline hover:[&amp;amp;_a:not(.orbit-text-link)]:no-underline active:[&amp;amp;_a:not(.orbit-text-link)]:no-underline hover:[&amp;amp;_a:not(.orbit-text-link)]:outline-none active:[&amp;amp;_a:not(.orbit-text-link)]:outline-none&quot;&gt;...&lt;/p&gt;
  (Session info: chrome=126.0.6478.61)
Build info: version: &apos;4.21.0&apos;, revision: &apos;79ed462ef4&apos;
System info: os.name: &apos;Windows 11&apos;, os.arch: &apos;amd64&apos;, os.version: &apos;10.0&apos;, java.version: &apos;17.0.7&apos;
Driver info: org.openqa.selenium.chrome.ChromeDriver
Command: [b7c2ad397df05a41bce145cd94478498, clickElement {id=f.7D02AC6336E6E5CA20E1A0B919EB5C47.d.2818405B42567BBA21DAEB96C5634099.e.120}]
Capabilities {acceptInsecureCerts: false, browserName: chrome, browserVersion: 126.0.6478.61, chrome: {chromedriverVersion: 126.0.6478.61 (8dc092df54ce..., userDataDir: C:\Users\linoy\AppData\Loca...}, fedcm:accounts: true, goog:chromeOptions: {debuggerAddress: localhost:52902}, networkConnectionEnabled: false, pageLoadStrategy: normal, platformName: windows, proxy: Proxy(), se:cdp: ws://localhost:52902/devtoo..., se:cdpVersion: 126.0.6478.61, setWindowRect: true, strictFileInteractability: false, timeouts: {implicit: 0, pageLoad: 300000, script: 30000}, unhandledPromptBehavior: dismiss and notify, webauthn:extension:credBlob: true, webauthn:extension:largeBlob: true, webauthn:extension:minPinLength: true, webauthn:extension:prf: true, webauthn:virtualAuthenticators: true}
Element: [[ChromeDriver: chrome on windows (b7c2ad397df05a41bce145cd94478498)] -&gt; css selector: [data-test=&quot;SearchFormFilters-button-date&quot;]]
Session ID: b7c2ad397df05a41bce145cd94478498
	at java.base/jdk.internal.reflect.NativeConstructorAccessorImpl.newInstance0(Native Method)
	at java.base/jdk.internal.reflect.NativeConstructorAccessorImpl.newInstance(NativeConstructorAccessorImpl.java:77)
	at java.base/jdk.internal.reflect.DelegatingConstructorAccessorImpl.newInstance(DelegatingConstructorAccessorImpl.java:45)
	at java.base/java.lang.reflect.Constructor.newInstanceWithCaller(Constructor.java:499)
	at java.base/java.lang.reflect.Constructor.newInstance(Constructor.java:480)
	at org.openqa.selenium.remote.ErrorCodec.decode(ErrorCodec.java:167)
	at org.openqa.selenium.remote.codec.w3c.W3CHttpResponseCodec.decode(W3CHttpResponseCodec.java:138)
	at org.openqa.selenium.remote.codec.w3c.W3CHttpResponseCodec.decode(W3CHttpResponseCodec.java:50)
	at org.openqa.selenium.remote.HttpCommandExecutor.execute(HttpCommandExecutor.java:190)
	at org.openqa.selenium.remote.service.DriverCommandExecutor.invokeExecute(DriverCommandExecutor.java:216)
	at org.openqa.selenium.remote.service.DriverCommandExecutor.execute(DriverCommandExecutor.java:174)
	at org.openqa.selenium.remote.RemoteWebDriver.execute(RemoteWebDriver.java:518)
	at org.openqa.selenium.remote.RemoteWebElement.execute(RemoteWebElement.java:223)
	at org.openqa.selenium.remote.RemoteWebElement.click(RemoteWebElement.java:76)
	at jdk.internal.reflect.GeneratedMethodAccessor3.invoke(Unknown Source)
	at java.base/jdk.internal.reflect.DelegatingMethodAccessorImpl.invoke(DelegatingMethodAccessorImpl.java:43)
	at java.base/java.lang.reflect.Method.invoke(Method.java:568)
	at org.openqa.selenium.support.pagefactory.internal.LocatingElementHandler.invoke(LocatingElementHandler.java:51)
	at jdk.proxy2/jdk.proxy2.$Proxy14.click(Unknown Source)
	at hw1pages.BasePage.click(BasePage.java:18)
	at hw1pages.Deals.Exploredealsdate(Deals.java:168)
	at hw1tests.test4.tc04_Exploreplacedealsdirection(test4.java:76)
	at java.base/jdk.internal.reflect.NativeMethodAccessorImpl.invoke0(Native Method)
	at java.base/jdk.internal.reflect.NativeMethodAccessorImpl.invoke(NativeMethodAccessorImpl.java:77)
	at java.base/jdk.internal.reflect.DelegatingMethodAccessorImpl.invoke(DelegatingMethodAccessorImpl.java:43)
	at java.base/java.lang.reflect.Method.invoke(Method.java:568)
	at org.testng.internal.invokers.MethodInvocationHelper.invokeMethod(MethodInvocationHelper.java:139)
	at org.testng.internal.invokers.TestInvoker.invokeMethod(TestInvoker.java:664)
	at org.testng.internal.invokers.TestInvoker.invokeTestMethod(TestInvoker.java:227)
	at org.testng.internal.invokers.MethodRunner.runInSequence(MethodRunner.java:50)
	at org.testng.internal.invokers.TestInvoker$MethodInvocationAgent.invoke(TestInvoker.java:957)
	at org.testng.internal.invokers.TestInvoker.invokeTestMethods(TestInvoker.java:200)
	at org.testng.internal.invokers.TestMethodWorker.invokeTestMethods(TestMethodWorker.java:148)
	at org.testng.internal.invokers.TestMethodWorker.run(TestMethodWorker.java:128)
	at java.base/java.util.ArrayList.forEach(ArrayList.java:1511)
	at org.testng.TestRunner.privateRun(TestRunner.java:848)
	at org.testng.TestRunner.run(TestRunner.java:621)
	at org.testng.SuiteRunner.runTest(SuiteRunner.java:443)
	at org.testng.SuiteRunner.runSequentially(SuiteRunner.java:437)
	at org.testng.SuiteRunner.privateRun(SuiteRunner.java:397)
	at org.testng.SuiteRunner.run(SuiteRunner.java:336)
	at org.testng.SuiteRunnerWorker.runSuite(SuiteRunnerWorker.java:52)
	at org.testng.SuiteRunnerWorker.run(SuiteRunnerWorker.java:95)
	at org.testng.TestNG.runSuitesSequentially(TestNG.java:1280)
	at org.testng.TestNG.runSuitesLocally(TestNG.java:1200)
	at org.testng.TestNG.runSuites(TestNG.java:1114)
	at org.testng.TestNG.run(TestNG.java:1082)
	at org.testng.remote.AbstractRemoteTestNG.run(AbstractRemoteTestNG.java:115)
	at org.testng.remote.RemoteTestNG.initAndRun(RemoteTestNG.java:251)
	at org.testng.remote.RemoteTestNG.main(RemoteTestNG.java:77)
</pre></div></td>
<td>1</td>
<td>hw1tests.test4@7ea08277</td></tr>
</table><p>
<table width='100%' border='1' class='invocation-passed'>
<tr><td colspan='4' align='center'><b>PASSED TESTS</b></td></tr>
<tr><td><b>Test method</b></td>
<td><b>Attribute(s)</b></td>
<td width="30%"><b>Exception</b></td>
<td width="10%"><b>Time (seconds)</b></td>
<td><b>Instance</b></td>
</tr>
<tr>
<td title='hw1tests.test1.tc01_login()'><b>tc01_login</b><br>Test class: hw1tests.test1<br>Test method: login process with user name and password</td>
<td></td>
<td>13</td>
<td>hw1tests.test1@7ae9a33a</td></tr>
<tr>
<td title='hw1tests.test1.tc03_Forgetinsertpassward()'><b>tc03_Forgetinsertpassward</b><br>Test class: hw1tests.test1<br>Test method: login process with user name and without insert password</td>
<td></td>
<td>12</td>
<td>hw1tests.test1@7ae9a33a</td></tr>
<tr>
<td title='hw1tests.test2.tc02_Checkflightto()'><b>tc02_Checkflightto</b><br>Test class: hw1tests.test2<br>Test method: choose which location to fly to</td>
<td></td>
<td>6</td>
<td>hw1tests.test2@31133b6e</td></tr>
<tr>
<td title='hw1tests.test3.tc02_CheckEconomy()'><b>tc02_CheckEconomy</b><br>Test class: hw1tests.test3<br>Test method: choose one way option, and insert the location to fly from and to, insert the time to fly to without return time</td>
<td></td>
<td>11</td>
<td>hw1tests.test3@29528a22</td></tr>
<tr>
<td title='hw1tests.test2.tc05_Choosepassandcabinbags()'><b>tc05_Choosepassandcabinbags</b><br>Test class: hw1tests.test2<br>Test method: choose passenger's amount and cabin bags</td>
<td></td>
<td>34</td>
<td>hw1tests.test2@31133b6e</td></tr>
<tr>
<td title='hw1tests.test3.tc01_Checkflightoneway()'><b>tc01_Checkflightoneway</b><br>Test class: hw1tests.test3<br>Test method: choose one way option, and insert the location to fly from and to, insert the time to fly to without return time</td>
<td></td>
<td>32</td>
<td>hw1tests.test3@29528a22</td></tr>
<tr>
<td title='hw1tests.test2.tc01_Checkflightfrom()'><b>tc01_Checkflightfrom</b><br>Test class: hw1tests.test2<br>Test method: choose which location to fly from</td>
<td></td>
<td>18</td>
<td>hw1tests.test2@31133b6e</td></tr>
<tr>
<td title='hw1tests.test3.tc03_Choosepassandcabinbags()'><b>tc03_Choosepassandcabinbags</b><br>Test class: hw1tests.test3<br>Test method: choose passenger's amount and cabin bags</td>
<td></td>
<td>33</td>
<td>hw1tests.test3@29528a22</td></tr>
<tr>
<td title='hw1tests.test4.tc01_Clickdeals()'><b>tc01_Clickdeals</b><br>Test class: hw1tests.test4<br>Test method: Click on deals</td>
<td></td>
<td>17</td>
<td>hw1tests.test4@7ea08277</td></tr>
<tr>
<td title='hw1tests.test2.tc03_Checkflighttimefrom()'><b>tc03_Checkflighttimefrom</b><br>Test class: hw1tests.test2<br>Test method: choose which time to fly to and the return time</td>
<td></td>
<td>13</td>
<td>hw1tests.test2@31133b6e</td></tr>
<tr>
<td title='hw1tests.test1.tc02_logoutandnopassward()'><b>tc02_logoutandnopassward</b><br>Test class: hw1tests.test1<br>Test method: logout process test</td>
<td></td>
<td>4</td>
<td>hw1tests.test1@7ae9a33a</td></tr>
<tr>
<td title='hw1tests.test2.tc04_CheckEconomy()'><b>tc04_CheckEconomy</b><br>Test class: hw1tests.test2<br>Test method: choose one way option, and insert the location to fly from and to, insert the time to fly to without return time</td>
<td></td>
<td>11</td>
<td>hw1tests.test2@31133b6e</td></tr>
</table><p>
</body>
</html>