<?xml version="1.0" encoding="UTF-8"?>
<!-- Generated by org.testng.reporters.JUnitXMLReporter -->
<testsuite ignored="0" hostname="LAPTOP-A363SLA7" failures="4" tests="16" name="Test" time="234.851" errors="0" timestamp="2024-06-15T12:17:46 IDT">
  <testcase classname="hw1tests.test1" name="tc01_login" time="13.749"/>
  <testcase classname="hw1tests.test1" name="tc02_logoutandnopassward" time="4.234"/>
  <testcase classname="hw1tests.test1" name="tc03_Forgetinsertpassward" time="12.562"/>
  <testcase classname="hw1tests.test2" name="tc01_Checkflightfrom" time="18.796"/>
  <testcase classname="hw1tests.test2" name="tc02_Checkflightto" time="6.307"/>
  <testcase classname="hw1tests.test2" name="tc03_Checkflighttimefrom" time="13.694"/>
  <testcase classname="hw1tests.test2" name="tc04_CheckEconomy" time="11.583"/>
  <testcase classname="hw1tests.test2" name="tc05_Choosepassandcabinbags" time="34.034"/>
  <testcase classname="hw1tests.test3" name="tc01_Checkflightoneway" time="32.662"/>
  <testcase classname="hw1tests.test3" name="tc02_CheckEconomy" time="11.508"/>
  <testcase classname="hw1tests.test3" name="tc03_Choosepassandcabinbags" time="33.056"/>
  <testcase classname="hw1tests.test4" name="tc01_Clickdeals" time="17.462"/>
  <testcase classname="hw1tests.test4" name="tc02_Exploreplacedealsfrom" time="5.55">
    <failure type="org.openqa.selenium.NoSuchElementException" message="no such element: Unable to locate element: {&amp;quot;method&amp;quot;:&amp;quot;css selector&amp;quot;,&amp;quot;selector&amp;quot;:&amp;quot;[data-test=&amp;quot;SearchFieldItem-origin-4&amp;quot;] [data-test=&amp;quot;PlacePickerInputPlace&amp;quot;]&amp;quot;}
  (Session info: chrome=126.0.6478.61)
For documentation on this error, please visit: https://www.selenium.dev/documentation/webdriver/troubleshooting/errors#no-such-element-exception
Build info: version: &amp;apos;4.21.0&amp;apos;, revision: &amp;apos;79ed462ef4&amp;apos;
System info: os.name: &amp;apos;Windows 11&amp;apos;, os.arch: &amp;apos;amd64&amp;apos;, os.version: &amp;apos;10.0&amp;apos;, java.version: &amp;apos;17.0.7&amp;apos;
Driver info: org.openqa.selenium.chrome.ChromeDriver
Command: [b7c2ad397df05a41bce145cd94478498, findElement {value=[data-test=&amp;quot;SearchFieldItem-origin-4&amp;quot;] [data-test=&amp;quot;PlacePickerInputPlace&amp;quot;], using=css selector}]
Capabilities {acceptInsecureCerts: false, browserName: chrome, browserVersion: 126.0.6478.61, chrome: {chromedriverVersion: 126.0.6478.61 (8dc092df54ce..., userDataDir: C:\Users\linoy\AppData\Loca...}, fedcm:accounts: true, goog:chromeOptions: {debuggerAddress: localhost:52902}, networkConnectionEnabled: false, pageLoadStrategy: normal, platformName: windows, proxy: Proxy(), se:cdp: ws://localhost:52902/devtoo..., se:cdpVersion: 126.0.6478.61, setWindowRect: true, strictFileInteractability: false, timeouts: {implicit: 0, pageLoad: 300000, script: 30000}, unhandledPromptBehavior: dismiss and notify, webauthn:extension:credBlob: true, webauthn:extension:largeBlob: true, webauthn:extension:minPinLength: true, webauthn:extension:prf: true, webauthn:virtualAuthenticators: true}
Session ID: b7c2ad397df05a41bce145cd94478498">
      <![CDATA[org.openqa.selenium.NoSuchElementException: no such element: Unable to locate element: {"method":"css selector","selector":"[data-test="SearchFieldItem-origin-4"] [data-test="PlacePickerInputPlace"]"}
  (Session info: chrome=126.0.6478.61)
For documentation on this error, please visit: https://www.selenium.dev/documentation/webdriver/troubleshooting/errors#no-such-element-exception
Build info: version: '4.21.0', revision: '79ed462ef4'
System info: os.name: 'Windows 11', os.arch: 'amd64', os.version: '10.0', java.version: '17.0.7'
Driver info: org.openqa.selenium.chrome.ChromeDriver
Command: [b7c2ad397df05a41bce145cd94478498, findElement {value=[data-test="SearchFieldItem-origin-4"] [data-test="PlacePickerInputPlace"], using=css selector}]
Capabilities {acceptInsecureCerts: false, browserName: chrome, browserVersion: 126.0.6478.61, chrome: {chromedriverVersion: 126.0.6478.61 (8dc092df54ce..., userDataDir: C:\Users\linoy\AppData\Loca...}, fedcm:accounts: true, goog:chromeOptions: {debuggerAddress: localhost:52902}, networkConnectionEnabled: false, pageLoadStrategy: normal, platformName: windows, proxy: Proxy(), se:cdp: ws://localhost:52902/devtoo..., se:cdpVersion: 126.0.6478.61, setWindowRect: true, strictFileInteractability: false, timeouts: {implicit: 0, pageLoad: 300000, script: 30000}, unhandledPromptBehavior: dismiss and notify, webauthn:extension:credBlob: true, webauthn:extension:largeBlob: true, webauthn:extension:minPinLength: true, webauthn:extension:prf: true, webauthn:virtualAuthenticators: true}
Session ID: b7c2ad397df05a41bce145cd94478498
at org.openqa.selenium.remote.ErrorCodec.decode(ErrorCodec.java:167)
at org.openqa.selenium.remote.codec.w3c.W3CHttpResponseCodec.decode(W3CHttpResponseCodec.java:138)
at org.openqa.selenium.remote.codec.w3c.W3CHttpResponseCodec.decode(W3CHttpResponseCodec.java:50)
at org.openqa.selenium.remote.HttpCommandExecutor.execute(HttpCommandExecutor.java:190)
at org.openqa.selenium.remote.service.DriverCommandExecutor.invokeExecute(DriverCommandExecutor.java:216)
at org.openqa.selenium.remote.service.DriverCommandExecutor.execute(DriverCommandExecutor.java:174)
at org.openqa.selenium.remote.RemoteWebDriver.execute(RemoteWebDriver.java:518)
at org.openqa.selenium.remote.ElementLocation$ElementFinder$2.findElement(ElementLocation.java:165)
at org.openqa.selenium.remote.ElementLocation.findElement(ElementLocation.java:59)
at org.openqa.selenium.remote.RemoteWebDriver.findElement(RemoteWebDriver.java:355)
at org.openqa.selenium.remote.RemoteWebDriver.findElement(RemoteWebDriver.java:349)
at org.openqa.selenium.support.pagefactory.DefaultElementLocator.findElement(DefaultElementLocator.java:68)
at org.openqa.selenium.support.pagefactory.internal.LocatingElementHandler.invoke(LocatingElementHandler.java:38)
at jdk.proxy2/jdk.proxy2.$Proxy14.getText(Unknown Source)
at hw1pages.BasePage.getusername(BasePage.java:41)
at hw1pages.Deals.getname(Deals.java:135)
at hw1tests.test4.tc02_Exploreplacedealsfrom(test4.java:41)
at java.base/java.util.ArrayList.forEach(ArrayList.java:1511)
... Removed 32 stack frames]]>
    </failure>
  </testcase> <!-- tc02_Exploreplacedealsfrom -->
  <testcase classname="hw1tests.test4" name="tc03_Exploreplacedealsdates" time="3.227">
    <failure type="org.openqa.selenium.ElementClickInterceptedException" message="element click intercepted: Element &amp;lt;div data-test=&amp;quot;SearchFormFilters-button-mode&amp;quot; class=&amp;quot;space-x-xs rtl:space-x-reverse h-form-box-small text-small bg-button-secondary-background hover:bg-button-secondary-background-hover active:bg-button-secondary-background-active disabled:bg-button-secondary-background focus:bg-button-secondary-background-focus text-button-secondary-foreground focus:text-button-secondary-foreground-focus active:text-button-secondary-foreground-active hover:text-button-secondary-foreground-hover disabled:text-button-secondary-foreground active:shadow-button-active-pale ps-button-padding-sm pe-button-padding-xs orbit-button-primitive font-base duration-fast group relative max-w-full items-center justify-center border-none text-center leading-none transition-all [&amp;amp;amp;&amp;gt;*]:align-middle [&amp;amp;amp;_.orbit-loading-spinner]:stroke-[currentColor] flex-none rounded-large tb:rounded-normal cursor-pointer hover:no-underline focus:no-underline active:no-underline flex font-medium&amp;quot; style=&amp;quot;--button-content-align:center&amp;quot;&amp;gt;...&amp;lt;/div&amp;gt; is not clickable at point (1119, 358). Other element would receive the click: &amp;lt;p class=&amp;quot;orbit-text font-base text-large leading-large font-normal text-primary-foreground [&amp;amp;amp;_a:not(.orbit-text-link)]:text-link-primary-foreground hover:[&amp;amp;amp;_a:not(.orbit-text-link)]:text-link-primary-foreground-hover active:[&amp;amp;amp;_a:not(.orbit-text-link)]:text-link-primary-foreground-active text-start m-0 [&amp;amp;amp;_a:not(.orbit-text-link)]:font-medium [&amp;amp;amp;_a:not(.orbit-text-link)]:underline hover:[&amp;amp;amp;_a:not(.orbit-text-link)]:no-underline active:[&amp;amp;amp;_a:not(.orbit-text-link)]:no-underline hover:[&amp;amp;amp;_a:not(.orbit-text-link)]:outline-none active:[&amp;amp;amp;_a:not(.orbit-text-link)]:outline-none&amp;quot;&amp;gt;...&amp;lt;/p&amp;gt;
  (Session info: chrome=126.0.6478.61)
Build info: version: &amp;apos;4.21.0&amp;apos;, revision: &amp;apos;79ed462ef4&amp;apos;
System info: os.name: &amp;apos;Windows 11&amp;apos;, os.arch: &amp;apos;amd64&amp;apos;, os.version: &amp;apos;10.0&amp;apos;, java.version: &amp;apos;17.0.7&amp;apos;
Driver info: org.openqa.selenium.chrome.ChromeDriver
Command: [b7c2ad397df05a41bce145cd94478498, clickElement {id=f.7D02AC6336E6E5CA20E1A0B919EB5C47.d.2818405B42567BBA21DAEB96C5634099.e.119}]
Capabilities {acceptInsecureCerts: false, browserName: chrome, browserVersion: 126.0.6478.61, chrome: {chromedriverVersion: 126.0.6478.61 (8dc092df54ce..., userDataDir: C:\Users\linoy\AppData\Loca...}, fedcm:accounts: true, goog:chromeOptions: {debuggerAddress: localhost:52902}, networkConnectionEnabled: false, pageLoadStrategy: normal, platformName: windows, proxy: Proxy(), se:cdp: ws://localhost:52902/devtoo..., se:cdpVersion: 126.0.6478.61, setWindowRect: true, strictFileInteractability: false, timeouts: {implicit: 0, pageLoad: 300000, script: 30000}, unhandledPromptBehavior: dismiss and notify, webauthn:extension:credBlob: true, webauthn:extension:largeBlob: true, webauthn:extension:minPinLength: true, webauthn:extension:prf: true, webauthn:virtualAuthenticators: true}
Element: [[ChromeDriver: chrome on windows (b7c2ad397df05a41bce145cd94478498)] -&amp;gt; css selector: [data-test=&amp;quot;SearchFormFilters-button-mode&amp;quot;]]
Session ID: b7c2ad397df05a41bce145cd94478498">
      <![CDATA[org.openqa.selenium.ElementClickInterceptedException: element click intercepted: Element <div data-test="SearchFormFilters-button-mode" class="space-x-xs rtl:space-x-reverse h-form-box-small text-small bg-button-secondary-background hover:bg-button-secondary-background-hover active:bg-button-secondary-background-active disabled:bg-button-secondary-background focus:bg-button-secondary-background-focus text-button-secondary-foreground focus:text-button-secondary-foreground-focus active:text-button-secondary-foreground-active hover:text-button-secondary-foreground-hover disabled:text-button-secondary-foreground active:shadow-button-active-pale ps-button-padding-sm pe-button-padding-xs orbit-button-primitive font-base duration-fast group relative max-w-full items-center justify-center border-none text-center leading-none transition-all [&amp;>*]:align-middle [&amp;_.orbit-loading-spinner]:stroke-[currentColor] flex-none rounded-large tb:rounded-normal cursor-pointer hover:no-underline focus:no-underline active:no-underline flex font-medium" style="--button-content-align:center">...</div> is not clickable at point (1119, 358). Other element would receive the click: <p class="orbit-text font-base text-large leading-large font-normal text-primary-foreground [&amp;_a:not(.orbit-text-link)]:text-link-primary-foreground hover:[&amp;_a:not(.orbit-text-link)]:text-link-primary-foreground-hover active:[&amp;_a:not(.orbit-text-link)]:text-link-primary-foreground-active text-start m-0 [&amp;_a:not(.orbit-text-link)]:font-medium [&amp;_a:not(.orbit-text-link)]:underline hover:[&amp;_a:not(.orbit-text-link)]:no-underline active:[&amp;_a:not(.orbit-text-link)]:no-underline hover:[&amp;_a:not(.orbit-text-link)]:outline-none active:[&amp;_a:not(.orbit-text-link)]:outline-none">...</p>
  (Session info: chrome=126.0.6478.61)
Build info: version: '4.21.0', revision: '79ed462ef4'
System info: os.name: 'Windows 11', os.arch: 'amd64', os.version: '10.0', java.version: '17.0.7'
Driver info: org.openqa.selenium.chrome.ChromeDriver
Command: [b7c2ad397df05a41bce145cd94478498, clickElement {id=f.7D02AC6336E6E5CA20E1A0B919EB5C47.d.2818405B42567BBA21DAEB96C5634099.e.119}]
Capabilities {acceptInsecureCerts: false, browserName: chrome, browserVersion: 126.0.6478.61, chrome: {chromedriverVersion: 126.0.6478.61 (8dc092df54ce..., userDataDir: C:\Users\linoy\AppData\Loca...}, fedcm:accounts: true, goog:chromeOptions: {debuggerAddress: localhost:52902}, networkConnectionEnabled: false, pageLoadStrategy: normal, platformName: windows, proxy: Proxy(), se:cdp: ws://localhost:52902/devtoo..., se:cdpVersion: 126.0.6478.61, setWindowRect: true, strictFileInteractability: false, timeouts: {implicit: 0, pageLoad: 300000, script: 30000}, unhandledPromptBehavior: dismiss and notify, webauthn:extension:credBlob: true, webauthn:extension:largeBlob: true, webauthn:extension:minPinLength: true, webauthn:extension:prf: true, webauthn:virtualAuthenticators: true}
Element: [[ChromeDriver: chrome on windows (b7c2ad397df05a41bce145cd94478498)] -> css selector: [data-test="SearchFormFilters-button-mode"]]
Session ID: b7c2ad397df05a41bce145cd94478498
at org.openqa.selenium.remote.ErrorCodec.decode(ErrorCodec.java:167)
at org.openqa.selenium.remote.codec.w3c.W3CHttpResponseCodec.decode(W3CHttpResponseCodec.java:138)
at org.openqa.selenium.remote.codec.w3c.W3CHttpResponseCodec.decode(W3CHttpResponseCodec.java:50)
at org.openqa.selenium.remote.HttpCommandExecutor.execute(HttpCommandExecutor.java:190)
at org.openqa.selenium.remote.service.DriverCommandExecutor.invokeExecute(DriverCommandExecutor.java:216)
at org.openqa.selenium.remote.service.DriverCommandExecutor.execute(DriverCommandExecutor.java:174)
at org.openqa.selenium.remote.RemoteWebDriver.execute(RemoteWebDriver.java:518)
at org.openqa.selenium.remote.RemoteWebElement.execute(RemoteWebElement.java:223)
at org.openqa.selenium.remote.RemoteWebElement.click(RemoteWebElement.java:76)
at org.openqa.selenium.support.pagefactory.internal.LocatingElementHandler.invoke(LocatingElementHandler.java:51)
at jdk.proxy2/jdk.proxy2.$Proxy14.click(Unknown Source)
at hw1pages.BasePage.click(BasePage.java:18)
at hw1pages.Deals.Exploredealsreturnoneway(Deals.java:237)
at hw1tests.test4.tc03_Exploreplacedealsdates(test4.java:60)
at java.base/java.util.ArrayList.forEach(ArrayList.java:1511)
... Removed 35 stack frames]]>
    </failure>
  </testcase> <!-- tc03_Exploreplacedealsdates -->
  <testcase classname="hw1tests.test4" name="tc04_Exploreplacedealsdirection" time="1.122">
    <failure type="org.openqa.selenium.ElementClickInterceptedException" message="element click intercepted: Element &amp;lt;div data-test=&amp;quot;SearchFormFilters-button-date&amp;quot; class=&amp;quot;space-x-xs rtl:space-x-reverse h-form-box-small text-small bg-button-secondary-background hover:bg-button-secondary-background-hover active:bg-button-secondary-background-active disabled:bg-button-secondary-background focus:bg-button-secondary-background-focus text-button-secondary-foreground focus:text-button-secondary-foreground-focus active:text-button-secondary-foreground-active hover:text-button-secondary-foreground-hover disabled:text-button-secondary-foreground active:shadow-button-active-pale ps-button-padding-sm pe-button-padding-xs orbit-button-primitive font-base duration-fast group relative max-w-full items-center justify-center border-none text-center leading-none transition-all [&amp;amp;amp;&amp;gt;*]:align-middle [&amp;amp;amp;_.orbit-loading-spinner]:stroke-[currentColor] flex-none rounded-large tb:rounded-normal cursor-pointer hover:no-underline focus:no-underline active:no-underline flex font-medium&amp;quot; style=&amp;quot;--button-content-align:center&amp;quot;&amp;gt;...&amp;lt;/div&amp;gt; is not clickable at point (944, 358). Other element would receive the click: &amp;lt;p class=&amp;quot;orbit-text font-base text-large leading-large font-normal text-primary-foreground [&amp;amp;amp;_a:not(.orbit-text-link)]:text-link-primary-foreground hover:[&amp;amp;amp;_a:not(.orbit-text-link)]:text-link-primary-foreground-hover active:[&amp;amp;amp;_a:not(.orbit-text-link)]:text-link-primary-foreground-active text-start m-0 [&amp;amp;amp;_a:not(.orbit-text-link)]:font-medium [&amp;amp;amp;_a:not(.orbit-text-link)]:underline hover:[&amp;amp;amp;_a:not(.orbit-text-link)]:no-underline active:[&amp;amp;amp;_a:not(.orbit-text-link)]:no-underline hover:[&amp;amp;amp;_a:not(.orbit-text-link)]:outline-none active:[&amp;amp;amp;_a:not(.orbit-text-link)]:outline-none&amp;quot;&amp;gt;...&amp;lt;/p&amp;gt;
  (Session info: chrome=126.0.6478.61)
Build info: version: &amp;apos;4.21.0&amp;apos;, revision: &amp;apos;79ed462ef4&amp;apos;
System info: os.name: &amp;apos;Windows 11&amp;apos;, os.arch: &amp;apos;amd64&amp;apos;, os.version: &amp;apos;10.0&amp;apos;, java.version: &amp;apos;17.0.7&amp;apos;
Driver info: org.openqa.selenium.chrome.ChromeDriver
Command: [b7c2ad397df05a41bce145cd94478498, clickElement {id=f.7D02AC6336E6E5CA20E1A0B919EB5C47.d.2818405B42567BBA21DAEB96C5634099.e.120}]
Capabilities {acceptInsecureCerts: false, browserName: chrome, browserVersion: 126.0.6478.61, chrome: {chromedriverVersion: 126.0.6478.61 (8dc092df54ce..., userDataDir: C:\Users\linoy\AppData\Loca...}, fedcm:accounts: true, goog:chromeOptions: {debuggerAddress: localhost:52902}, networkConnectionEnabled: false, pageLoadStrategy: normal, platformName: windows, proxy: Proxy(), se:cdp: ws://localhost:52902/devtoo..., se:cdpVersion: 126.0.6478.61, setWindowRect: true, strictFileInteractability: false, timeouts: {implicit: 0, pageLoad: 300000, script: 30000}, unhandledPromptBehavior: dismiss and notify, webauthn:extension:credBlob: true, webauthn:extension:largeBlob: true, webauthn:extension:minPinLength: true, webauthn:extension:prf: true, webauthn:virtualAuthenticators: true}
Element: [[ChromeDriver: chrome on windows (b7c2ad397df05a41bce145cd94478498)] -&amp;gt; css selector: [data-test=&amp;quot;SearchFormFilters-button-date&amp;quot;]]
Session ID: b7c2ad397df05a41bce145cd94478498">
      <![CDATA[org.openqa.selenium.ElementClickInterceptedException: element click intercepted: Element <div data-test="SearchFormFilters-button-date" class="space-x-xs rtl:space-x-reverse h-form-box-small text-small bg-button-secondary-background hover:bg-button-secondary-background-hover active:bg-button-secondary-background-active disabled:bg-button-secondary-background focus:bg-button-secondary-background-focus text-button-secondary-foreground focus:text-button-secondary-foreground-focus active:text-button-secondary-foreground-active hover:text-button-secondary-foreground-hover disabled:text-button-secondary-foreground active:shadow-button-active-pale ps-button-padding-sm pe-button-padding-xs orbit-button-primitive font-base duration-fast group relative max-w-full items-center justify-center border-none text-center leading-none transition-all [&amp;>*]:align-middle [&amp;_.orbit-loading-spinner]:stroke-[currentColor] flex-none rounded-large tb:rounded-normal cursor-pointer hover:no-underline focus:no-underline active:no-underline flex font-medium" style="--button-content-align:center">...</div> is not clickable at point (944, 358). Other element would receive the click: <p class="orbit-text font-base text-large leading-large font-normal text-primary-foreground [&amp;_a:not(.orbit-text-link)]:text-link-primary-foreground hover:[&amp;_a:not(.orbit-text-link)]:text-link-primary-foreground-hover active:[&amp;_a:not(.orbit-text-link)]:text-link-primary-foreground-active text-start m-0 [&amp;_a:not(.orbit-text-link)]:font-medium [&amp;_a:not(.orbit-text-link)]:underline hover:[&amp;_a:not(.orbit-text-link)]:no-underline active:[&amp;_a:not(.orbit-text-link)]:no-underline hover:[&amp;_a:not(.orbit-text-link)]:outline-none active:[&amp;_a:not(.orbit-text-link)]:outline-none">...</p>
  (Session info: chrome=126.0.6478.61)
Build info: version: '4.21.0', revision: '79ed462ef4'
System info: os.name: 'Windows 11', os.arch: 'amd64', os.version: '10.0', java.version: '17.0.7'
Driver info: org.openqa.selenium.chrome.ChromeDriver
Command: [b7c2ad397df05a41bce145cd94478498, clickElement {id=f.7D02AC6336E6E5CA20E1A0B919EB5C47.d.2818405B42567BBA21DAEB96C5634099.e.120}]
Capabilities {acceptInsecureCerts: false, browserName: chrome, browserVersion: 126.0.6478.61, chrome: {chromedriverVersion: 126.0.6478.61 (8dc092df54ce..., userDataDir: C:\Users\linoy\AppData\Loca...}, fedcm:accounts: true, goog:chromeOptions: {debuggerAddress: localhost:52902}, networkConnectionEnabled: false, pageLoadStrategy: normal, platformName: windows, proxy: Proxy(), se:cdp: ws://localhost:52902/devtoo..., se:cdpVersion: 126.0.6478.61, setWindowRect: true, strictFileInteractability: false, timeouts: {implicit: 0, pageLoad: 300000, script: 30000}, unhandledPromptBehavior: dismiss and notify, webauthn:extension:credBlob: true, webauthn:extension:largeBlob: true, webauthn:extension:minPinLength: true, webauthn:extension:prf: true, webauthn:virtualAuthenticators: true}
Element: [[ChromeDriver: chrome on windows (b7c2ad397df05a41bce145cd94478498)] -> css selector: [data-test="SearchFormFilters-button-date"]]
Session ID: b7c2ad397df05a41bce145cd94478498
at org.openqa.selenium.remote.ErrorCodec.decode(ErrorCodec.java:167)
at org.openqa.selenium.remote.codec.w3c.W3CHttpResponseCodec.decode(W3CHttpResponseCodec.java:138)
at org.openqa.selenium.remote.codec.w3c.W3CHttpResponseCodec.decode(W3CHttpResponseCodec.java:50)
at org.openqa.selenium.remote.HttpCommandExecutor.execute(HttpCommandExecutor.java:190)
at org.openqa.selenium.remote.service.DriverCommandExecutor.invokeExecute(DriverCommandExecutor.java:216)
at org.openqa.selenium.remote.service.DriverCommandExecutor.execute(DriverCommandExecutor.java:174)
at org.openqa.selenium.remote.RemoteWebDriver.execute(RemoteWebDriver.java:518)
at org.openqa.selenium.remote.RemoteWebElement.execute(RemoteWebElement.java:223)
at org.openqa.selenium.remote.RemoteWebElement.click(RemoteWebElement.java:76)
at org.openqa.selenium.support.pagefactory.internal.LocatingElementHandler.invoke(LocatingElementHandler.java:51)
at jdk.proxy2/jdk.proxy2.$Proxy14.click(Unknown Source)
at hw1pages.BasePage.click(BasePage.java:18)
at hw1pages.Deals.Exploredealsdate(Deals.java:168)
at hw1tests.test4.tc04_Exploreplacedealsdirection(test4.java:76)
at java.base/java.util.ArrayList.forEach(ArrayList.java:1511)
... Removed 35 stack frames]]>
    </failure>
  </testcase> <!-- tc04_Exploreplacedealsdirection -->
  <testcase classname="hw1tests.test4" name="tc05_Explorethedealfromlist" time="0.075">
    <failure type="java.lang.NumberFormatException" message="For input string: &amp;quot;&amp;quot;">
      <![CDATA[java.lang.NumberFormatException: For input string: ""
at java.base/java.lang.NumberFormatException.forInputString(NumberFormatException.java:67)
at java.base/java.lang.Integer.parseInt(Integer.java:678)
at java.base/java.lang.Integer.parseInt(Integer.java:786)
at hw1pages.Deals.finddetails(Deals.java:287)
at hw1tests.test4.tc05_Explorethedealfromlist(test4.java:123)
at java.base/java.util.ArrayList.forEach(ArrayList.java:1511)
... Removed 27 stack frames]]>
    </failure>
  </testcase> <!-- tc05_Explorethedealfromlist -->
</testsuite> <!-- Test -->
